{"C:\\Node Apps\\mocha_example\\lib\\tools.js":{"path":"C:\\Node Apps\\mocha_example\\lib\\tools.js","s":{"1":1,"2":1,"3":0,"4":0,"5":0,"6":0,"7":0,"8":0,"9":0,"10":0,"11":0},"b":{},"f":{"1":0,"2":0,"3":0,"4":0,"5":0},"fnMap":{"1":{"name":"(anonymous_1)","line":4,"loc":{"start":{"line":4,"column":10},"end":{"line":4,"column":19}}},"2":{"name":"(anonymous_2)","line":8,"loc":{"start":{"line":8,"column":9},"end":{"line":8,"column":28}}},"3":{"name":"(anonymous_3)","line":10,"loc":{"start":{"line":10,"column":17},"end":{"line":10,"column":31}}},"4":{"name":"(anonymous_4)","line":14,"loc":{"start":{"line":14,"column":18},"end":{"line":14,"column":34}}},"5":{"name":"(anonymous_5)","line":17,"loc":{"start":{"line":17,"column":17},"end":{"line":17,"column":28}}}},"statementMap":{"1":{"start":{"line":1,"column":0},"end":{"line":1,"column":29}},"2":{"start":{"line":3,"column":0},"end":{"line":22,"column":2}},"3":{"start":{"line":5,"column":2},"end":{"line":5,"column":43}},"4":{"start":{"line":9,"column":2},"end":{"line":9,"column":75}},"5":{"start":{"line":10,"column":2},"end":{"line":20,"column":5}},"6":{"start":{"line":11,"column":3},"end":{"line":11,"column":17}},"7":{"start":{"line":13,"column":3},"end":{"line":13,"column":28}},"8":{"start":{"line":14,"column":3},"end":{"line":16,"column":6}},"9":{"start":{"line":15,"column":4},"end":{"line":15,"column":18}},"10":{"start":{"line":17,"column":3},"end":{"line":19,"column":6}},"11":{"start":{"line":18,"column":4},"end":{"line":18,"column":19}}},"branchMap":{}}}